5/30/2023 11:55:09 PM	This log contains information about the import schema operation into project 'CDC_DWH' on computer 'VMSHQASTODB01' by user 'alekseenkovvl_a'.
5/30/2023 11:55:09 PM	Import of database schema has started.
5/30/2023 11:55:15 PM	Gathering database credentials
5/30/2023 11:55:15 PM	Gathering database options
5/30/2023 11:55:15 PM	Gathering generic database scoped configuration option
5/30/2023 11:55:15 PM	Gathering users
5/30/2023 11:55:15 PM	Gathering roles
5/30/2023 11:55:15 PM	Gathering application roles
5/30/2023 11:55:15 PM	Gathering role memberships
5/30/2023 11:55:15 PM	Gathering filegroups
5/30/2023 11:55:15 PM	Gathering full-text catalogs
5/30/2023 11:55:15 PM	Gathering assemblies
5/30/2023 11:55:15 PM	Gathering certificates
5/30/2023 11:55:15 PM	Gathering asymmetric keys
5/30/2023 11:55:15 PM	Gathering symmetric keys
5/30/2023 11:55:15 PM	Gathering encrypted symmetric keys
5/30/2023 11:55:15 PM	Gathering schemas
5/30/2023 11:55:15 PM	Gathering XML schema collections
5/30/2023 11:55:15 PM	Gathering user-defined data types
5/30/2023 11:55:15 PM	Gathering user-defined types
5/30/2023 11:55:15 PM	Gathering table types
5/30/2023 11:55:15 PM	Gathering unique keys for table types
5/30/2023 11:55:15 PM	Gathering primary keys for table types
5/30/2023 11:55:15 PM	Gathering indexes for table types
5/30/2023 11:55:15 PM	Gathering check constraints for table types
5/30/2023 11:55:15 PM	Gathering default constraints for table types
5/30/2023 11:55:15 PM	Gathering partition functions
5/30/2023 11:55:15 PM	Gathering partition schemes
5/30/2023 11:55:15 PM	Gathering functions
5/30/2023 11:55:15 PM	Gathering encrypted functions
5/30/2023 11:55:15 PM	Gathering aggregates
5/30/2023 11:55:15 PM	Gathering procedures
5/30/2023 11:55:15 PM	Gathering encrypted procedures
5/30/2023 11:55:15 PM	Gathering tables
5/30/2023 11:55:15 PM	Gathering primary keys
5/30/2023 11:55:15 PM	Gathering unique constraints
5/30/2023 11:55:15 PM	Gathering foreign keys
5/30/2023 11:55:15 PM	Gathering default constraints
5/30/2023 11:55:15 PM	Gathering check constraints
5/30/2023 11:55:15 PM	Gathering views
5/30/2023 11:55:15 PM	Gathering encrypted views
5/30/2023 11:55:15 PM	Gathering indexes
5/30/2023 11:55:15 PM	Gathering statistics
5/30/2023 11:55:15 PM	Gathering full-text index stoplists
5/30/2023 11:55:15 PM	Gathering search property lists
5/30/2023 11:55:15 PM	Gathering search properties
5/30/2023 11:55:15 PM	Gathering full-text indexes
5/30/2023 11:55:15 PM	Gathering column store indexes
5/30/2023 11:55:15 PM	Gathering spatial indexes
5/30/2023 11:55:15 PM	Gathering XML indexes
5/30/2023 11:55:15 PM	Gathering Selective XML indexes
5/30/2023 11:55:15 PM	Gathering encrypted triggers
5/30/2023 11:55:15 PM	Gathering triggers
5/30/2023 11:55:15 PM	Gathering encrypted and clr ddl triggers
5/30/2023 11:55:15 PM	Gathering ddl triggers
5/30/2023 11:55:15 PM	Creating edge constraints
5/30/2023 11:55:15 PM	Gathering synonyms
5/30/2023 11:55:15 PM	Gathering defaults
5/30/2023 11:55:15 PM	Gathering data constraint uddt bindings
5/30/2023 11:55:15 PM	Gathering rules
5/30/2023 11:55:15 PM	Gathering data constraint uddt bindings
5/30/2023 11:55:15 PM	Gathering message types
5/30/2023 11:55:15 PM	Gathering queues
5/30/2023 11:55:15 PM	Gathering contracts
5/30/2023 11:55:15 PM	Gathering services
5/30/2023 11:55:15 PM	Gathering event notifications
5/30/2023 11:55:15 PM	Gathering remote service bindings
5/30/2023 11:55:15 PM	Gathering broker priorities
5/30/2023 11:55:15 PM	Gathering signatures
5/30/2023 11:55:15 PM	Gathering data compression options
5/30/2023 11:55:15 PM	Gathering sequence types
5/30/2023 11:55:15 PM	Gathering security policies
5/30/2023 11:55:15 PM	Gather column encryption keys
5/30/2023 11:55:15 PM	Gathering column master keys
5/30/2023 11:55:15 PM	Gathering external data sources
5/30/2023 11:55:15 PM	Gathering external file formats
5/30/2023 11:55:15 PM	Gathering external tables
5/30/2023 11:55:15 PM	Gathering extended properties
5/30/2023 11:55:17 PM	Gathering credentials
5/30/2023 11:55:17 PM	Gathering logins
5/30/2023 11:55:17 PM	Gathering server audits
5/30/2023 11:55:18 PM	Scanning project for duplicate elements
5/30/2023 11:55:18 PM	Finished duplicate element processing
5/30/2023 11:55:19 PM	Finished importing database.
5/30/2023 11:55:19 PM	A summary of the import was saved to the following location: E:\Git\CDC_DWH\CDC_DWH\Import Schema Logs\CDC_DWH_20230530085509.log
5/30/2023 11:55:19 PM	Click Finish to continue...
